<?xml version="1.0" encoding="UTF-8"?>
<testsuite name="com.galvanize.tmo.paspringstarter.PaSpringStarterApplicationTests" tests="2" skipped="0" failures="0" errors="0" timestamp="2021-11-04T21:08:17" hostname="TMC02G430EMD6R" time="0.27">
  <properties/>
  <testcase name="isHealthy()" classname="com.galvanize.tmo.paspringstarter.PaSpringStarterApplicationTests" time="0.266"/>
  <testcase name="contextLoads()" classname="com.galvanize.tmo.paspringstarter.PaSpringStarterApplicationTests" time="0.003"/>
  <system-out><![CDATA[14:08:16.397 [Test worker] DEBUG org.springframework.test.context.BootstrapUtils - Instantiating CacheAwareContextLoaderDelegate from class [org.springframework.test.context.cache.DefaultCacheAwareContextLoaderDelegate]
14:08:16.404 [Test worker] DEBUG org.springframework.test.context.BootstrapUtils - Instantiating BootstrapContext using constructor [public org.springframework.test.context.support.DefaultBootstrapContext(java.lang.Class,org.springframework.test.context.CacheAwareContextLoaderDelegate)]
14:08:16.426 [Test worker] DEBUG org.springframework.test.context.BootstrapUtils - Instantiating TestContextBootstrapper for test class [com.galvanize.tmo.paspringstarter.PaSpringStarterApplicationTests] from class [org.springframework.boot.test.context.SpringBootTestContextBootstrapper]
14:08:16.432 [Test worker] INFO org.springframework.boot.test.context.SpringBootTestContextBootstrapper - Neither @ContextConfiguration nor @ContextHierarchy found for test class [com.galvanize.tmo.paspringstarter.PaSpringStarterApplicationTests], using SpringBootContextLoader
14:08:16.435 [Test worker] DEBUG org.springframework.test.context.support.AbstractContextLoader - Did not detect default resource location for test class [com.galvanize.tmo.paspringstarter.PaSpringStarterApplicationTests]: class path resource [com/galvanize/tmo/paspringstarter/PaSpringStarterApplicationTests-context.xml] does not exist
14:08:16.435 [Test worker] DEBUG org.springframework.test.context.support.AbstractContextLoader - Did not detect default resource location for test class [com.galvanize.tmo.paspringstarter.PaSpringStarterApplicationTests]: class path resource [com/galvanize/tmo/paspringstarter/PaSpringStarterApplicationTestsContext.groovy] does not exist
14:08:16.435 [Test worker] INFO org.springframework.test.context.support.AbstractContextLoader - Could not detect default resource locations for test class [com.galvanize.tmo.paspringstarter.PaSpringStarterApplicationTests]: no resource found for suffixes {-context.xml, Context.groovy}.
14:08:16.435 [Test worker] INFO org.springframework.test.context.support.AnnotationConfigContextLoaderUtils - Could not detect default configuration classes for test class [com.galvanize.tmo.paspringstarter.PaSpringStarterApplicationTests]: PaSpringStarterApplicationTests does not declare any static, non-private, non-final, nested classes annotated with @Configuration.
14:08:16.465 [Test worker] DEBUG org.springframework.test.context.support.ActiveProfilesUtils - Could not find an 'annotation declaring class' for annotation type [org.springframework.test.context.ActiveProfiles] and class [com.galvanize.tmo.paspringstarter.PaSpringStarterApplicationTests]
14:08:16.513 [Test worker] DEBUG org.springframework.context.annotation.ClassPathScanningCandidateComponentProvider - Identified candidate component class: file [/Users/avashis7/IdeaProjects/Bootcamp-main/build/classes/java/main/com/galvanize/tmo/paspringstarter/PaSpringStarterApplication.class]
14:08:16.514 [Test worker] INFO org.springframework.boot.test.context.SpringBootTestContextBootstrapper - Found @SpringBootConfiguration com.galvanize.tmo.paspringstarter.PaSpringStarterApplication for test class com.galvanize.tmo.paspringstarter.PaSpringStarterApplicationTests
14:08:16.579 [Test worker] DEBUG org.springframework.boot.test.context.SpringBootTestContextBootstrapper - @TestExecutionListeners is not present for class [com.galvanize.tmo.paspringstarter.PaSpringStarterApplicationTests]: using defaults.
14:08:16.579 [Test worker] INFO org.springframework.boot.test.context.SpringBootTestContextBootstrapper - Loaded default TestExecutionListener class names from location [META-INF/spring.factories]: [org.springframework.boot.test.autoconfigure.restdocs.RestDocsTestExecutionListener, org.springframework.boot.test.autoconfigure.web.client.MockRestServiceServerResetTestExecutionListener, org.springframework.boot.test.autoconfigure.web.servlet.MockMvcPrintOnlyOnFailureTestExecutionListener, org.springframework.boot.test.autoconfigure.web.servlet.WebDriverTestExecutionListener, org.springframework.boot.test.autoconfigure.webservices.client.MockWebServiceServerTestExecutionListener, org.springframework.boot.test.mock.mockito.MockitoTestExecutionListener, org.springframework.boot.test.mock.mockito.ResetMocksTestExecutionListener, org.springframework.test.context.web.ServletTestExecutionListener, org.springframework.test.context.support.DirtiesContextBeforeModesTestExecutionListener, org.springframework.test.context.event.ApplicationEventsTestExecutionListener, org.springframework.test.context.support.DependencyInjectionTestExecutionListener, org.springframework.test.context.support.DirtiesContextTestExecutionListener, org.springframework.test.context.transaction.TransactionalTestExecutionListener, org.springframework.test.context.jdbc.SqlScriptsTestExecutionListener, org.springframework.test.context.event.EventPublishingTestExecutionListener]
14:08:16.587 [Test worker] DEBUG org.springframework.boot.test.context.SpringBootTestContextBootstrapper - Skipping candidate TestExecutionListener [org.springframework.test.context.transaction.TransactionalTestExecutionListener] due to a missing dependency. Specify custom listener classes or make the default listener classes and their required dependencies available. Offending class: [org/springframework/transaction/interceptor/TransactionAttributeSource]
14:08:16.587 [Test worker] DEBUG org.springframework.boot.test.context.SpringBootTestContextBootstrapper - Skipping candidate TestExecutionListener [org.springframework.test.context.jdbc.SqlScriptsTestExecutionListener] due to a missing dependency. Specify custom listener classes or make the default listener classes and their required dependencies available. Offending class: [org/springframework/transaction/interceptor/TransactionAttribute]
14:08:16.587 [Test worker] INFO org.springframework.boot.test.context.SpringBootTestContextBootstrapper - Using TestExecutionListeners: [org.springframework.test.context.web.ServletTestExecutionListener@502815c, org.springframework.test.context.support.DirtiesContextBeforeModesTestExecutionListener@6775fb26, org.springframework.test.context.event.ApplicationEventsTestExecutionListener@7bc968c, org.springframework.boot.test.mock.mockito.MockitoTestExecutionListener@62b7f533, org.springframework.boot.test.autoconfigure.SpringBootDependencyInjectionTestExecutionListener@73ae9058, org.springframework.test.context.support.DirtiesContextTestExecutionListener@3bcaf9c0, org.springframework.test.context.event.EventPublishingTestExecutionListener@58a110c3, org.springframework.boot.test.autoconfigure.restdocs.RestDocsTestExecutionListener@5627889, org.springframework.boot.test.autoconfigure.web.client.MockRestServiceServerResetTestExecutionListener@249042d, org.springframework.boot.test.autoconfigure.web.servlet.MockMvcPrintOnlyOnFailureTestExecutionListener@6ea1f95d, org.springframework.boot.test.autoconfigure.web.servlet.WebDriverTestExecutionListener@3e56cb42, org.springframework.boot.test.autoconfigure.webservices.client.MockWebServiceServerTestExecutionListener@28e65a31, org.springframework.boot.test.mock.mockito.ResetMocksTestExecutionListener@62c45b6c]
14:08:16.590 [Test worker] DEBUG org.springframework.test.context.support.AbstractDirtiesContextTestExecutionListener - Before test class: context [DefaultTestContext@1e42b64 testClass = PaSpringStarterApplicationTests, testInstance = [null], testMethod = [null], testException = [null], mergedContextConfiguration = [WebMergedContextConfiguration@682b8399 testClass = PaSpringStarterApplicationTests, locations = '{}', classes = '{class com.galvanize.tmo.paspringstarter.PaSpringStarterApplication}', contextInitializerClasses = '[]', activeProfiles = '{}', propertySourceLocations = '{}', propertySourceProperties = '{org.springframework.boot.test.context.SpringBootTestContextBootstrapper=true}', contextCustomizers = set[org.springframework.boot.test.autoconfigure.actuate.metrics.MetricsExportContextCustomizerFactory$DisableMetricExportContextCustomizer@7794d3a8, org.springframework.boot.test.autoconfigure.properties.PropertyMappingContextCustomizer@4b3fa0b3, org.springframework.boot.test.autoconfigure.web.servlet.WebDriverContextCustomizerFactory$Customizer@1d1345ea, [ImportsContextCustomizer@2c3a4bc5 key = [org.springframework.boot.test.autoconfigure.web.servlet.MockMvcAutoConfiguration, org.springframework.boot.test.autoconfigure.web.servlet.MockMvcWebClientAutoConfiguration, org.springframework.boot.test.autoconfigure.web.servlet.MockMvcWebDriverAutoConfiguration, org.springframework.boot.autoconfigure.security.oauth2.client.servlet.OAuth2ClientAutoConfiguration, org.springframework.boot.autoconfigure.security.oauth2.resource.servlet.OAuth2ResourceServerAutoConfiguration, org.springframework.boot.autoconfigure.security.servlet.SecurityAutoConfiguration, org.springframework.boot.autoconfigure.security.servlet.SecurityFilterAutoConfiguration, org.springframework.boot.autoconfigure.security.servlet.UserDetailsServiceAutoConfiguration, org.springframework.boot.test.autoconfigure.web.servlet.MockMvcSecurityConfiguration]], org.springframework.boot.test.context.filter.ExcludeFilterContextCustomizer@6d4a00ad, org.springframework.boot.test.json.DuplicateJsonObjectContextCustomizerFactory$DuplicateJsonObjectContextCustomizer@4fe3957e, org.springframework.boot.test.mock.mockito.MockitoContextCustomizer@0, org.springframework.boot.test.web.client.TestRestTemplateContextCustomizer@2dedc62b, org.springframework.boot.test.context.SpringBootTestArgs@1, org.springframework.boot.test.context.SpringBootTestWebEnvironment@6cb897ea], resourceBasePath = 'src/main/webapp', contextLoader = 'org.springframework.boot.test.context.SpringBootContextLoader', parent = [null]], attributes = map['org.springframework.test.context.web.ServletTestExecutionListener.activateListener' -> true]], class annotated with @DirtiesContext [false] with mode [null].
14:08:16.613 [Test worker] DEBUG org.springframework.test.context.support.TestPropertySourceUtils - Adding inlined properties to environment: {spring.jmx.enabled=false, org.springframework.boot.test.context.SpringBootTestContextBootstrapper=true}

  .   ____          _            __ _ _
 /\\ / ___'_ __ _ _(_)_ __  __ _ \ \ \ \
( ( )\___ | '_ | '_| | '_ \/ _` | \ \ \ \
 \\/  ___)| |_)| | | | | || (_| |  ) ) ) )
  '  |____| .__|_| |_|_| |_\__, | / / / /
 =========|_|==============|___/=/_/_/_/
 :: Spring Boot ::                (v2.4.5)

2021-11-04 14:08:16.812  INFO 33133 --- [    Test worker] c.g.t.p.PaSpringStarterApplicationTests  : Starting PaSpringStarterApplicationTests using Java 17.0.1 on TMC02G430EMD6R with PID 33133 (started by avashis7 in /Users/avashis7/IdeaProjects/Bootcamp-main)
2021-11-04 14:08:16.814  INFO 33133 --- [    Test worker] c.g.t.p.PaSpringStarterApplicationTests  : No active profile set, falling back to default profiles: default
2021-11-04 14:08:17.636  INFO 33133 --- [    Test worker] o.s.s.concurrent.ThreadPoolTaskExecutor  : Initializing ExecutorService 'applicationTaskExecutor'
2021-11-04 14:08:17.833  INFO 33133 --- [    Test worker] o.s.b.t.m.w.SpringBootMockServletContext : Initializing Spring TestDispatcherServlet ''
2021-11-04 14:08:17.834  INFO 33133 --- [    Test worker] o.s.t.web.servlet.TestDispatcherServlet  : Initializing Servlet ''
2021-11-04 14:08:17.834  INFO 33133 --- [    Test worker] o.s.t.web.servlet.TestDispatcherServlet  : Completed initialization in 0 ms
2021-11-04 14:08:17.848  INFO 33133 --- [    Test worker] c.g.t.p.PaSpringStarterApplicationTests  : Started PaSpringStarterApplicationTests in 1.229 seconds (JVM running for 1.967)
]]></system-out>
  <system-err><![CDATA[]]></system-err>
</testsuite>
